Build started 10/12/2014 1:58:43 AM.
     1>Project "C:\Users\Class2017\documents\visual studio 2010\Projects\prereq\prereq\prereq.vcxproj" on node 2 (build target(s)).
     1>InitializeBuildStatus:
         Touching "Debug\prereq.unsuccessfulbuild".
       ClCompile:
         C:\Program Files (x86)\Microsoft Visual Studio 10.0\VC\bin\CL.exe /c /ZI /nologo /W3 /WX- /Od /Oy- /D WIN32 /D _DEBUG /D _CONSOLE /D _UNICODE /D UNICODE /Gm /EHsc /RTC1 /MDd /GS /fp:precise /Zc:wchar_t /Zc:forScope /Fo"Debug\\" /Fd"Debug\vc100.pdb" /Gd /TP /analyze- /errorReport:prompt get_left.cpp get_right.cpp
         get_right.cpp
         get_left.cpp
         Generating Code...
       ManifestResourceCompile:
         All outputs are up-to-date.
       Link:
         C:\Program Files (x86)\Microsoft Visual Studio 10.0\VC\bin\link.exe /ERRORREPORT:PROMPT /OUT:"C:\Users\Class2017\documents\visual studio 2010\Projects\prereq\Debug\prereq.exe" /INCREMENTAL /NOLOGO kernel32.lib user32.lib gdi32.lib winspool.lib comdlg32.lib advapi32.lib shell32.lib ole32.lib oleaut32.lib uuid.lib odbc32.lib odbccp32.lib /MANIFEST /ManifestFile:"Debug\prereq.exe.intermediate.manifest" /MANIFESTUAC:"level='asInvoker' uiAccess='false'" /DEBUG /PDB:"C:\Users\Class2017\documents\visual studio 2010\Projects\prereq\Debug\prereq.pdb" /SUBSYSTEM:CONSOLE /TLBID:1 /DYNAMICBASE /NXCOMPAT /IMPLIB:"C:\Users\Class2017\documents\visual studio 2010\Projects\prereq\Debug\prereq.lib" /MACHINE:X86 Debug\prereq.exe.embed.manifest.res
         Debug\check.obj
         Debug\get_left.obj
         Debug\get_right.obj
         Debug\is_and_expression.obj
         Debug\is_and_node.obj
         Debug\is_or_expression.obj
         Debug\is_or_node.obj
         Debug\is_unit.obj
         Debug\is_unit_expression.obj
         Debug\main.obj
         Debug\my_char.obj
         Debug\my_new_node.obj
         Debug\my_str.obj
         Debug\my_strcmp.obj
         Debug\my_strconcat.obj
         Debug\my_strcpy.obj
         Debug\my_strdup.obj
         Debug\my_strfind.obj
         Debug\my_strlen.obj
         Debug\parse.obj
         Debug\taken.obj
       Manifest:
         C:\Program Files (x86)\Microsoft SDKs\Windows\v7.0A\bin\mt.exe /nologo /verbose /out:"Debug\prereq.exe.embed.manifest" /manifest Debug\prereq.exe.intermediate.manifest
         All outputs are up-to-date.
       LinkEmbedManifest:
         All outputs are up-to-date.
         prereq.vcxproj -> C:\Users\Class2017\documents\visual studio 2010\Projects\prereq\Debug\prereq.exe
       FinalizeBuildStatus:
         Deleting file "Debug\prereq.unsuccessfulbuild".
         Touching "Debug\prereq.lastbuildstate".
     1>Done Building Project "C:\Users\Class2017\documents\visual studio 2010\Projects\prereq\prereq\prereq.vcxproj" (build target(s)).

Build succeeded.

Time Elapsed 00:00:00.96
